<?xml version="1.0" encoding="UTF-8"?>
<!-- Generated by org.testng.reporters.JUnitXMLReporter -->
<testsuite ignored="0" hostname="Bashirs-MacBook-Pro.local" failures="0" tests="2" name="Default test" time="14.255" errors="0" timestamp="2021-04-07T23:59:07 EDT">
  <testcase classname="classwork.pom.testsuits.SampleApp" name="@BeforeClass bc" time="14.225">
    <failure type="java.lang.RuntimeException" message="java.lang.InstantiationException: classwork.pom.pages.UserCreationPage">
      <![CDATA[java.lang.RuntimeException: java.lang.InstantiationException: classwork.pom.pages.UserCreationPage
at org.openqa.selenium.support.PageFactory.instantiatePage(PageFactory.java:134)
at org.openqa.selenium.support.PageFactory.initElements(PageFactory.java:64)
at classwork.pom.testsuits.SampleApp.bc(SampleApp.java:71)
at java.base/jdk.internal.reflect.NativeMethodAccessorImpl.invoke0(Native Method)
at java.base/jdk.internal.reflect.NativeMethodAccessorImpl.invoke(NativeMethodAccessorImpl.java:62)
at java.base/jdk.internal.reflect.DelegatingMethodAccessorImpl.invoke(DelegatingMethodAccessorImpl.java:43)
at java.base/java.lang.reflect.Method.invoke(Method.java:564)
at org.testng.internal.MethodInvocationHelper.invokeMethod(MethodInvocationHelper.java:132)
at org.testng.internal.MethodInvocationHelper.invokeMethodConsideringTimeout(MethodInvocationHelper.java:61)
at org.testng.internal.ConfigInvoker.invokeConfigurationMethod(ConfigInvoker.java:366)
at org.testng.internal.ConfigInvoker.invokeConfigurations(ConfigInvoker.java:320)
at org.testng.internal.TestMethodWorker.invokeBeforeClassMethods(TestMethodWorker.java:176)
at org.testng.internal.TestMethodWorker.run(TestMethodWorker.java:122)
at java.base/java.util.ArrayList.forEach(ArrayList.java:1511)
at org.testng.TestRunner.privateRun(TestRunner.java:764)
at org.testng.TestRunner.run(TestRunner.java:585)
at org.testng.SuiteRunner.runTest(SuiteRunner.java:384)
at org.testng.SuiteRunner.runSequentially(SuiteRunner.java:378)
at org.testng.SuiteRunner.privateRun(SuiteRunner.java:337)
at org.testng.SuiteRunner.run(SuiteRunner.java:286)
at org.testng.SuiteRunnerWorker.runSuite(SuiteRunnerWorker.java:53)
at org.testng.SuiteRunnerWorker.run(SuiteRunnerWorker.java:96)
at org.testng.TestNG.runSuitesSequentially(TestNG.java:1218)
at org.testng.TestNG.runSuitesLocally(TestNG.java:1140)
at org.testng.TestNG.runSuites(TestNG.java:1069)
at org.testng.TestNG.run(TestNG.java:1037)
at org.testng.remote.AbstractRemoteTestNG.run(AbstractRemoteTestNG.java:115)
at org.testng.remote.RemoteTestNG.initAndRun(RemoteTestNG.java:251)
at org.testng.remote.RemoteTestNG.main(RemoteTestNG.java:77)
Caused by: java.lang.InstantiationException: classwork.pom.pages.UserCreationPage
at java.base/java.lang.Class.newInstance(Class.java:598)
at org.openqa.selenium.support.PageFactory.instantiatePage(PageFactory.java:131)
... 28 more
Caused by: java.lang.NoSuchMethodException: classwork.pom.pages.UserCreationPage.<init>()
at java.base/java.lang.Class.getConstructor0(Class.java:3427)
at java.base/java.lang.Class.newInstance(Class.java:585)
... 29 more
]]>
    </failure>
  </testcase> <!-- @BeforeClass bc -->
  <testcase classname="classwork.pom.testsuits.SampleApp" name="searchUser" time="0.0">
    <skipped/>
  </testcase> <!-- searchUser -->
  <testcase classname="classwork.pom.testsuits.SampleApp" name="createUser" time="0.0">
    <skipped/>
  </testcase> <!-- createUser -->
</testsuite> <!-- Default test -->
